
Using mongodump at '/home/madmin/deploy/lib/src/mongodb-linux-x86_64-community-3.6.12/bin/mongodump' version '3.6.12 (community)'...
Executing command: 
/home/madmin/deploy/lib/src/mongodb-linux-x86_64-community-3.6.12/bin/mongodump --host localhost --port 51943 -d veniqa-prod-db -u **** -p **** --authenticationDatabase admin --dumpDbUsersAndRoles --out /mnt/var/misc/backup_temp/backups/5e5bf8b96175b5d36cafaaeb/ds151943_veniqa-prod-db_2020-03-01T180234.000Z
2020-03-01T10:02:36.897-0800	dumping users and roles for veniqa-prod-db
2020-03-01T10:02:36.899-0800	writing veniqa-prod-db.veniqa_curated_products to 
2020-03-01T10:02:36.899-0800	writing veniqa-prod-db.veniqa_product_categories to 
2020-03-01T10:02:36.899-0800	writing veniqa-prod-db.veniqa_users to 
2020-03-01T10:02:36.900-0800	writing veniqa-prod-db.veniqa_client_server_error_log to 
2020-03-01T10:02:36.901-0800	done dumping veniqa-prod-db.veniqa_product_categories (36 documents)
2020-03-01T10:02:36.901-0800	writing veniqa-prod-db.veniqa_orders to 
2020-03-01T10:02:36.902-0800	done dumping veniqa-prod-db.veniqa_orders (9 documents)
2020-03-01T10:02:36.902-0800	writing veniqa-prod-db.veniqa_admins to 
2020-03-01T10:02:36.912-0800	done dumping veniqa-prod-db.veniqa_admins (6 documents)
2020-03-01T10:02:36.912-0800	writing veniqa-prod-db.veniqa_tariff_rates to 
2020-03-01T10:02:36.913-0800	done dumping veniqa-prod-db.veniqa_curated_products (50 documents)
2020-03-01T10:02:36.913-0800	writing veniqa-prod-db.veniqa_currency_exchange_rates to 
2020-03-01T10:02:36.923-0800	done dumping veniqa-prod-db.veniqa_currency_exchange_rates (2 documents)
2020-03-01T10:02:36.924-0800	writing veniqa-prod-db.veniqa_ui_featured_sections to 
2020-03-01T10:02:36.924-0800	done dumping veniqa-prod-db.veniqa_tariff_rates (4 documents)
2020-03-01T10:02:36.924-0800	writing veniqa-prod-db.veniqa_checkouts to 
2020-03-01T10:02:36.925-0800	done dumping veniqa-prod-db.veniqa_ui_featured_sections (1 document)
2020-03-01T10:02:36.925-0800	writing veniqa-prod-db.veniqa_admin_server_error_log to 
2020-03-01T10:02:36.926-0800	done dumping veniqa-prod-db.veniqa_checkouts (1 document)
2020-03-01T10:02:36.926-0800	done dumping veniqa-prod-db.veniqa_client_server_error_log (13 documents)
2020-03-01T10:02:36.926-0800	done dumping veniqa-prod-db.veniqa_admin_server_error_log (0 documents)
2020-03-01T10:02:36.941-0800	done dumping veniqa-prod-db.veniqa_users (31 documents)
